Start: 10/03/2018 13:57:49.909
Finish: 10/03/2018 13:58:09.331
Taken time: 19.422,0341 ms
100.000.000! = 1,617203794921462386338773186756832536e+756570556

-------------------------------------

Start: 10/03/2018 22:41:29.013
Finish: 10/03/2018 22:41:29.013
Taken time: 0 ms
3! = 6e+0

-------------------------------------

Start: 10/03/2018 22:41:46.829
Finish: 10/03/2018 22:41:46.829
Taken time: 0 ms
3! = 6e+0

-------------------------------------

Start: 05/07/2018 20:40:34.825
Finish: 05/07/2018 20:40:34.826
Taken time: 1,0001 ms
3! = 6e+0

-------------------------------------

Start: 05/07/2018 20:40:37.023
Finish: 05/07/2018 20:40:37.023
Taken time: 0 ms
3! = 6e+0

-------------------------------------

Start: 05/07/2018 21:00:42.234
Finish: 05/07/2018 21:00:42.236
Taken time: 2,0001 ms
3! = 6e+0

-------------------------------------

Start: 22/02/2021 2:18:15.622
Finish: 22/02/2021 2:18:15.988
Taken time: 365,9992 ms
1.000.000! = 8,26393168833124006237664610317123739e+5565708

-------------------------------------

Start: 22/02/2021 2:19:36.412
Finish: 22/02/2021 2:19:36.767
Taken time: 354,9998 ms
1.000.000! = 8,26393168833124006237664610317123739e+5565708

-------------------------------------

Start: 22/02/2021 2:19:46.178
Finish: 22/02/2021 2:19:49.390
Taken time: 3.211,9996 ms
10.000.000! = 1,202423400515903456140153487941428823e+65657059

-------------------------------------

Start: 22/02/2021 2:20:59.989
Finish: 22/02/2021 2:21:26.119
Taken time: 26.129,9973 ms
100.000.000! = 1,617203794921462386338773186756832536e+756570556

-------------------------------------

Start: 07/07/2021 21:41:41.239
Finish: 07/07/2021 21:41:41.241
Taken time: 2,0002 ms
10! = 3,6288e+6

-------------------------------------

Start: 28/07/2021 1:10:21.983
Finish: 28/07/2021 1:10:21.984
Taken time: 1,3813 ms
0! = 1e+0

-------------------------------------

Start: 07/09/2021 22:33:50.068
Finish: 07/09/2021 22:33:50.118
Taken time: 51,2005 ms
84! = 3,31424013456535326699938757913013128e+126

-------------------------------------

Start: 07/09/2021 22:33:57.915
Finish: 07/09/2021 22:33:57.916
Taken time: 0,9928 ms
66! = 5,44344939077443064003729240247842751e+92

-------------------------------------

Start: 07/09/2021 22:33:59.011
Finish: 07/09/2021 22:33:59.014
Taken time: 2,9901 ms
84! = 3,31424013456535326699938757913013128e+126

-------------------------------------

Start: 07/09/2021 22:33:59.014
Finish: 07/09/2021 22:33:59.015
Taken time: 1,0025 ms
66! = 5,44344939077443064003729240247842751e+92

-------------------------------------

Start: 07/09/2021 22:33:59.031
Finish: 07/09/2021 22:33:59.032
Taken time: 1,032 ms
84! = 3,31424013456535326699938757913013128e+126

-------------------------------------

Start: 07/09/2021 22:33:59.032
Finish: 07/09/2021 22:33:59.032
Taken time: 0 ms
66! = 5,44344939077443064003729240247842751e+92

-------------------------------------

Start: 07/09/2021 22:35:47.043
Finish: 07/09/2021 22:35:47.044
Taken time: 0,9993 ms
18! = 6,402373705728e+15

-------------------------------------

Start: 07/09/2021 22:35:49.123
Finish: 07/09/2021 22:35:49.124
Taken time: 0,9906 ms
84! = 3,31424013456535326699938757913013128e+126

-------------------------------------

Start: 07/09/2021 22:35:49.124
Finish: 07/09/2021 22:35:49.125
Taken time: 0,9955 ms
66! = 5,44344939077443064003729240247842751e+92

-------------------------------------

Start: 07/09/2021 22:35:49.125
Finish: 07/09/2021 22:35:49.125
Taken time: 0 ms
18! = 6,402373705728e+15

-------------------------------------

Start: 07/09/2021 22:35:55.337
Finish: 07/09/2021 22:35:55.338
Taken time: 1,0014 ms
84! = 3,31424013456535326699938757913013128e+126

-------------------------------------

Start: 07/09/2021 22:35:55.338
Finish: 07/09/2021 22:35:55.338
Taken time: 0 ms
66! = 5,44344939077443064003729240247842751e+92

-------------------------------------

Start: 07/09/2021 22:35:55.339
Finish: 07/09/2021 22:35:55.339
Taken time: 0 ms
18! = 6,402373705728e+15

-------------------------------------

Start: 07/09/2021 22:36:20.179
Finish: 07/09/2021 22:36:20.179
Taken time: 0 ms
10! = 3,6288e+6

-------------------------------------

Start: 07/09/2021 22:36:20.180
Finish: 07/09/2021 22:36:20.180
Taken time: 0 ms
66! = 5,44344939077443064003729240247842751e+92

-------------------------------------

Start: 07/09/2021 22:36:20.181
Finish: 07/09/2021 22:36:20.181
Taken time: 0 ms
18! = 6,402373705728e+15

-------------------------------------

Start: 07/09/2021 22:36:27.755
Finish: 07/09/2021 22:36:27.755
Taken time: 0 ms
10! = 3,6288e+6

-------------------------------------

Start: 07/09/2021 22:36:27.756
Finish: 07/09/2021 22:36:27.756
Taken time: 0 ms
7! = 5,04e+3

-------------------------------------

Start: 07/09/2021 22:36:27.756
Finish: 07/09/2021 22:36:27.756
Taken time: 0 ms
3! = 6e+0

-------------------------------------

Start: 07/09/2021 22:36:41.947
Finish: 07/09/2021 22:36:41.948
Taken time: 1 ms
84! = 3,31424013456535326699938757913013128e+126

-------------------------------------

Start: 07/09/2021 22:36:41.949
Finish: 07/09/2021 22:36:41.949
Taken time: 0 ms
66! = 5,44344939077443064003729240247842751e+92

-------------------------------------

Start: 07/09/2021 22:36:41.950
Finish: 07/09/2021 22:36:41.950
Taken time: 0 ms
18! = 6,402373705728e+15

-------------------------------------

Start: 07/09/2021 22:37:10.723
Finish: 07/09/2021 22:37:10.725
Taken time: 2,0014 ms
84! = 3,31424013456535326699938757913013128e+126

-------------------------------------

Start: 07/09/2021 22:37:10.726
Finish: 07/09/2021 22:37:10.726
Taken time: 0 ms
66! = 5,44344939077443064003729240247842751e+92

-------------------------------------

Start: 07/09/2021 22:37:10.726
Finish: 07/09/2021 22:37:10.726
Taken time: 0 ms
18! = 6,402373705728e+15

-------------------------------------

Start: 07/09/2021 22:44:14.878
Finish: 07/09/2021 22:44:14.889
Taken time: 10,9994 ms
87! = 2,107757298379527717213600518699389575e+132

-------------------------------------

Start: 07/09/2021 22:44:18.439
Finish: 07/09/2021 22:44:18.439
Taken time: 0 ms
28! = 3,04888344611713860501504e+29

-------------------------------------

Start: 07/09/2021 22:44:19.238
Finish: 07/09/2021 22:44:19.239
Taken time: 0,9912 ms
87! = 2,107757298379527717213600518699389575e+132

-------------------------------------

Start: 07/09/2021 22:44:19.239
Finish: 07/09/2021 22:44:19.240
Taken time: 0,9975 ms
28! = 3,04888344611713860501504e+29

-------------------------------------

Start: 07/09/2021 22:44:19.255
Finish: 07/09/2021 22:44:19.255
Taken time: 0 ms
87! = 2,107757298379527717213600518699389575e+132

-------------------------------------

Start: 07/09/2021 22:44:19.256
Finish: 07/09/2021 22:44:19.256
Taken time: 0 ms
28! = 3,04888344611713860501504e+29

-------------------------------------

Start: 07/09/2021 22:44:20.927
Finish: 07/09/2021 22:44:20.935
Taken time: 7,9998 ms
59! = 1,386831185456898357379390197203894062e+80

-------------------------------------

Start: 07/09/2021 22:44:26.309
Finish: 07/09/2021 22:44:26.309
Taken time: 0 ms
87! = 2,107757298379527717213600518699389575e+132

-------------------------------------

Start: 07/09/2021 22:44:26.310
Finish: 07/09/2021 22:44:26.310
Taken time: 0 ms
28! = 3,04888344611713860501504e+29

-------------------------------------

Start: 07/09/2021 22:44:26.310
Finish: 07/09/2021 22:44:26.311
Taken time: 1,0001 ms
59! = 1,386831185456898357379390197203894062e+80

-------------------------------------

Start: 07/09/2021 22:44:26.324
Finish: 07/09/2021 22:44:26.325
Taken time: 0,9994 ms
87! = 2,107757298379527717213600518699389575e+132

-------------------------------------

Start: 07/09/2021 22:44:26.325
Finish: 07/09/2021 22:44:26.325
Taken time: 0 ms
28! = 3,04888344611713860501504e+29

-------------------------------------

Start: 07/09/2021 22:44:26.326
Finish: 07/09/2021 22:44:26.326
Taken time: 0 ms
59! = 1,386831185456898357379390197203894062e+80

-------------------------------------

Start: 07/09/2021 22:44:37.422
Finish: 07/09/2021 22:44:37.423
Taken time: 1,0009 ms
87! = 2,107757298379527717213600518699389575e+132

-------------------------------------

Start: 07/09/2021 22:44:37.423
Finish: 07/09/2021 22:44:37.423
Taken time: 0 ms
28! = 3,04888344611713860501504e+29

-------------------------------------

Start: 07/09/2021 22:44:37.423
Finish: 07/09/2021 22:44:37.424
Taken time: 1,0005 ms
59! = 1,386831185456898357379390197203894062e+80

-------------------------------------

Start: 07/09/2021 22:47:20.537
Finish: 07/09/2021 22:47:20.538
Taken time: 1,0019 ms
87! = 2,107757298379527717213600518699389575e+132

-------------------------------------

Start: 07/09/2021 22:47:20.539
Finish: 07/09/2021 22:47:20.539
Taken time: 0 ms
28! = 3,04888344611713860501504e+29

-------------------------------------

Start: 07/09/2021 22:47:20.539
Finish: 07/09/2021 22:47:20.539
Taken time: 0 ms
59! = 1,386831185456898357379390197203894062e+80

-------------------------------------

Start: 07/09/2021 22:47:23.080
Finish: 07/09/2021 22:47:23.080
Taken time: 0 ms
87! = 2,107757298379527717213600518699389575e+132

-------------------------------------

Start: 07/09/2021 22:47:23.081
Finish: 07/09/2021 22:47:23.081
Taken time: 0 ms
28! = 3,04888344611713860501504e+29

-------------------------------------

Start: 07/09/2021 22:47:23.082
Finish: 07/09/2021 22:47:23.082
Taken time: 0 ms
59! = 1,386831185456898357379390197203894062e+80

-------------------------------------

Start: 07/09/2021 22:54:49.748
Finish: 07/09/2021 22:54:49.759
Taken time: 11,003 ms
88! = 1,854826422573984391147968456455462825e+134

-------------------------------------

Start: 07/09/2021 22:54:56.531
Finish: 07/09/2021 22:54:56.532
Taken time: 0,9948 ms
66! = 5,44344939077443064003729240247842751e+92

-------------------------------------

Start: 07/09/2021 22:54:57.466
Finish: 07/09/2021 22:54:57.467
Taken time: 0,9994 ms
88! = 1,854826422573984391147968456455462825e+134

-------------------------------------

Start: 07/09/2021 22:54:57.468
Finish: 07/09/2021 22:54:57.468
Taken time: 0 ms
66! = 5,44344939077443064003729240247842751e+92

-------------------------------------

Start: 07/09/2021 22:54:57.494
Finish: 07/09/2021 22:54:57.495
Taken time: 0,9888 ms
88! = 1,854826422573984391147968456455462825e+134

-------------------------------------

Start: 07/09/2021 22:54:57.495
Finish: 07/09/2021 22:54:57.495
Taken time: 0 ms
66! = 5,44344939077443064003729240247842751e+92

-------------------------------------

Start: 07/09/2021 22:54:58.947
Finish: 07/09/2021 22:54:58.947
Taken time: 0 ms
18! = 6,402373705728e+15

-------------------------------------

Start: 07/09/2021 22:54:59.306
Finish: 07/09/2021 22:54:59.307
Taken time: 1,0011 ms
88! = 1,854826422573984391147968456455462825e+134

-------------------------------------

Start: 07/09/2021 22:54:59.307
Finish: 07/09/2021 22:54:59.307
Taken time: 0 ms
66! = 5,44344939077443064003729240247842751e+92

-------------------------------------

Start: 07/09/2021 22:54:59.307
Finish: 07/09/2021 22:54:59.307
Taken time: 0 ms
18! = 6,402373705728e+15

-------------------------------------

Start: 07/09/2021 22:55:02.823
Finish: 07/09/2021 22:55:02.823
Taken time: 0 ms
84! = 3,31424013456535326699938757913013128e+126

-------------------------------------

Start: 07/09/2021 22:55:02.823
Finish: 07/09/2021 22:55:02.824
Taken time: 1,0013 ms
66! = 5,44344939077443064003729240247842751e+92

-------------------------------------

Start: 07/09/2021 22:55:02.824
Finish: 07/09/2021 22:55:02.824
Taken time: 0 ms
18! = 6,402373705728e+15

-------------------------------------

Start: 07/09/2021 22:55:09.108
Finish: 07/09/2021 22:55:09.108
Taken time: 0 ms
84! = 3,31424013456535326699938757913013128e+126

-------------------------------------

Start: 07/09/2021 22:55:09.109
Finish: 07/09/2021 22:55:09.109
Taken time: 0 ms
66! = 5,44344939077443064003729240247842751e+92

-------------------------------------

Start: 07/09/2021 22:55:09.109
Finish: 07/09/2021 22:55:09.109
Taken time: 0 ms
18! = 6,402373705728e+15

-------------------------------------

Start: 20/11/2021 8:27:19.213
Finish: 20/11/2021 8:27:19.558
Taken time: 344,5142 ms
1.000.000! = 8,26393168833124006237664610317123739e+5565708

-------------------------------------

